#-----------------------------------------------------------
# Vivado v2018.1 (64-bit)
# SW Build 2188600 on Wed Apr  4 18:40:38 MDT 2018
# IP Build 2185939 on Wed Apr  4 20:55:05 MDT 2018
# Start of session at: Thu Dec 13 20:14:59 2018
# Process ID: 10352
# Current directory: E:/VerilogPrograms/pipelined
# Command line: vivado.exe -gui_launcher_event rodinguilauncherevent9428 E:\VerilogPrograms\pipelined\pipelined.xpr
# Log file: E:/VerilogPrograms/pipelined/vivado.log
# Journal file: E:/VerilogPrograms/pipelined\vivado.jou
#-----------------------------------------------------------
start_gui
open_project E:/VerilogPrograms/pipelined/pipelined.xpr
Scanning sources...
Finished scanning sources
INFO: [IP_Flow 19-234] Refreshing IP repositories
INFO: [IP_Flow 19-1704] No user IP repositories specified
INFO: [IP_Flow 19-2313] Loaded Vivado IP repository 'D:/Vivado/Vivado/2018.1/data/ip'.
open_project: Time (s): cpu = 00:00:11 ; elapsed = 00:00:05 . Memory (MB): peak = 801.695 ; gain = 78.117
update_compile_order -fileset sources_1
exit
INFO: [Common 17-206] Exiting Vivado at Thu Dec 13 20:18:12 2018...
